
---------- Resource Summary (begin) ----------
Inputs: 2 / 163 (1.23%)
Outputs: 8 / 347 (2.31%)
Clocks: 5 / 16 (31.25%)
Logic Elements: 298 / 19728 (1.51%)
	LE: LUTs/Adders: 265 / 19728 (1.34%)
	LE: Registers: 137 / 13920 (0.98%)
Memory Blocks: 0 / 204 (0.00%)
Multipliers: 0 / 36 (0.00%)
---------- Resource Summary (end) ----------


---------- Resource Summary (begin) ----------
Inputs: 2 / 163 (1.23%)
Outputs: 8 / 347 (2.31%)
Clocks: 5 / 16 (31.25%)
Logic Elements: 298 / 19728 (1.51%)
	LE: LUTs/Adders: 265 / 19728 (1.34%)
	LE: Registers: 137 / 13920 (0.98%)
Memory Blocks: 0 / 204 (0.00%)
Multipliers: 0 / 36 (0.00%)
---------- Resource Summary (end) ----------


---------- Resource Summary (begin) ----------
Inputs: 2 / 163 (1.23%)
Outputs: 8 / 347 (2.31%)
Clocks: 5 / 16 (31.25%)
Logic Elements: 298 / 19728 (1.51%)
	LE: LUTs/Adders: 265 / 19728 (1.34%)
	LE: Registers: 137 / 13920 (0.98%)
Memory Blocks: 0 / 204 (0.00%)
Multipliers: 0 / 36 (0.00%)
---------- Resource Summary (end) ----------

