
Efinix FPGA Placement and Routing.
Version: 2024.1.163.1.8 
Date: Wed Sep 25 12:37:39 2024

Copyright (C) 2013 - 2024 Efinix, Inc. All rights reserved.
 
Family: Trion 
Device: T20Q100F3
Top-level Entity Name: T20Module
Elapsed time for packing: 0 hours 0 minutes 0 seconds

---------- Resource Summary (begin) ----------
Inputs: 2 / 163 (1.23%)
Outputs: 8 / 347 (2.31%)
Clocks: 5 / 16 (31.25%)
Logic Elements: 298 / 19728 (1.51%)
	LE: LUTs/Adders: 265 / 19728 (1.34%)
	LE: Registers: 137 / 13920 (0.98%)
Memory Blocks: 0 / 204 (0.00%)
Multipliers: 0 / 36 (0.00%)
---------- Resource Summary (end) ----------


---------- IO Interface Summary (begin) ----------

+------------------------+--------------+
| Missing Interface Pins | Input/Output |
+------------------------+--------------+
|        CDB0TXDi        |    Input     |
|        CDB1RXDo        |    Input     |
|         CDBUS2         |    Input     |
|         CDBUS3         |    Input     |
|      PLL0_CLKOUT1      |    Input     |
|      PLL0_CLKOUT2      |    Input     |
|         DDBUS2         |    Input     |
|         DDBUS3         |    Input     |
|         DDBUS0         |    Input     |
|        Switch1         |    Input     |
|       PllLocked        |    Input     |
|        Switch2         |    Input     |
|       GpioR133i        |    Input     |
+------------------------+--------------+

----------- IO Interface Summary (end) ----------

Elapsed time for placement: 0 hours 0 minutes 3 seconds
